org.epics.pva.common.TCPHandler.close Cannot stop receive thread
java.util.concurrent.ExecutionException: java.lang.NullPointerException: Cannot invoke "org.epics.pva.server.PVAServer.shutdownConnection(org.epics.pva.server.ServerTCPHandler)" because "this.server" is null
	at java.base/java.util.concurrent.FutureTask.report(FutureTask.java:122)
	at java.base/java.util.concurrent.FutureTask.get(FutureTask.java:205)
	at org.epics.pva.common.TCPHandler.close(TCPHandler.java:562)
	at org.epics.pva.server.PVAServer.close(PVAServer.java:272)
	at org.epics.archiverappliance.retrieval.pva.PvaDataRetrievalServlet.destroy(PvaDataRetrievalServlet.java:57)
	at org.apache.catalina.core.StandardWrapper.unload(StandardWrapper.java:1258)
	at org.apache.catalina.core.StandardWrapper.stopInternal(StandardWrapper.java:1544)
	at org.apache.catalina.util.LifecycleBase.stop(LifecycleBase.java:242)
	at org.apache.catalina.core.StandardContext.stopInternal(StandardContext.java:5135)
	at org.apache.catalina.util.LifecycleBase.stop(LifecycleBase.java:242)
	at org.apache.catalina.core.ContainerBase$StopChild.call(ContainerBase.java:1348)
	at org.apache.catalina.core.ContainerBase$StopChild.call(ContainerBase.java:1337)
	at java.base/java.util.concurrent.FutureTask.run(FutureTask.java:317)
	at org.apache.tomcat.util.threads.InlineExecutorService.execute(InlineExecutorService.java:75)
	at java.base/java.util.concurrent.AbstractExecutorService.submit(AbstractExecutorService.java:145)
	at org.apache.catalina.core.ContainerBase.stopInternal(ContainerBase.java:931)
	at org.apache.catalina.util.LifecycleBase.stop(LifecycleBase.java:242)
	at org.apache.catalina.core.ContainerBase$StopChild.call(ContainerBase.java:1348)
	at org.apache.catalina.core.ContainerBase$StopChild.call(ContainerBase.java:1337)
	at java.base/java.util.concurrent.FutureTask.run(FutureTask.java:317)
	at org.apache.tomcat.util.threads.InlineExecutorService.execute(InlineExecutorService.java:75)
	at java.base/java.util.concurrent.AbstractExecutorService.submit(AbstractExecutorService.java:145)
	at org.apache.catalina.core.ContainerBase.stopInternal(ContainerBase.java:931)
	at org.apache.catalina.util.LifecycleBase.stop(LifecycleBase.java:242)
	at org.apache.catalina.core.StandardService.stopInternal(StandardService.java:496)
	at org.apache.catalina.util.LifecycleBase.stop(LifecycleBase.java:242)
	at org.apache.catalina.core.StandardServer.stopInternal(StandardServer.java:973)
	at org.apache.catalina.util.LifecycleBase.stop(LifecycleBase.java:242)
	at org.apache.catalina.startup.Catalina.stop(Catalina.java:849)
	at org.apache.catalina.startup.Catalina$CatalinaShutdownHook.run(Catalina.java:996)
Caused by: java.lang.NullPointerException: Cannot invoke "org.epics.pva.server.PVAServer.shutdownConnection(org.epics.pva.server.ServerTCPHandler)" because "this.server" is null
	at org.epics.pva.server.ServerTCPHandler.onReceiverExited(ServerTCPHandler.java:145)
	at org.epics.pva.common.TCPHandler.receiver(TCPHandler.java:322)
	at java.base/java.util.concurrent.FutureTask.run(FutureTask.java:317)
	at java.base/java.util.concurrent.ThreadPoolExecutor.runWorker(ThreadPoolExecutor.java:1144)
	at java.base/java.util.concurrent.ThreadPoolExecutor$Worker.run(ThreadPoolExecutor.java:642)
	at java.base/java.lang.Thread.run(Thread.java:1583)